[2026-02-23T14:51:56.773Z] [INFO] [COMPRESS]
  sendCompressNotification inputs

    summaryTokens: 164
    totalSessionTokens: 106,038
    compressedTokens: 44,343
    ratio: "0.4182"

[2026-02-23T14:59:00.002Z] [INFO] [COMPRESS]
  sendCompressNotification inputs

    summaryTokens: 143
    totalSessionTokens: 70,398
    compressedTokens: 41,287
    ratio: "0.5865"

[2026-02-23T15:01:00.832Z] [INFO] [COMPRESS]
  sendCompressNotification inputs

    summaryTokens: 198
    totalSessionTokens: 55,374
    compressedTokens: 32,318
    ratio: "0.5836"

[2026-02-23T15:19:55.397Z] [INFO] [COMPRESS]
  sendCompressNotification inputs

    summaryTokens: 100
    totalSessionTokens: 98,343
    compressedTokens: 55,991
    ratio: "0.5693"

